app/build/intermediates/manifest_merge_blame_file/debug/manifest-merger-blame-debug-report.txt
1<?xml version="1.0" encoding="utf-8"?>
2<manifest xmlns:android="http://schemas.android.com/apk/res/android"
3    package="com.example.capstoneproject"
4    android:versionCode="1"
5    android:versionName="1.0" >
6
7    <uses-sdk
8        android:minSdkVersion="26"
8-->src\main\AndroidManifest.xml
9        android:targetSdkVersion="32" />
9-->src\main\AndroidManifest.xml
10
11    <!-- Although the *SdkVersion is captured in gradle build files, this is required for non gradle builds -->
12    <!-- <uses-sdk android:minSdkVersion="14"/> -->
13    <uses-permission android:name="android.permission.ACCESS_NETWORK_STATE" />
13-->[com.google.firebase:firebase-database:20.0.4] AndroidManifest.xml:25:5-79
13-->[com.google.firebase:firebase-database:20.0.4] AndroidManifest.xml:25:22-76
14    <uses-permission android:name="android.permission.INTERNET" />
14-->[com.google.firebase:firebase-database:20.0.4] AndroidManifest.xml:26:5-67
14-->[com.google.firebase:firebase-database:20.0.4] AndroidManifest.xml:26:22-64
15
16    <application
16-->src\main\AndroidManifest.xml:5:5-48:19
17        android:allowBackup="true"
17-->src\main\AndroidManifest.xml:6:9-35
18        android:appComponentFactory="androidx.core.app.CoreComponentFactory"
18-->[androidx.core:core:1.7.0] AndroidManifest.xml:24:18-86
19        android:debuggable="true"
20        android:extractNativeLibs="false"
21        android:icon="@drawable/darklogo"
21-->src\main\AndroidManifest.xml:7:9-42
22        android:label="@string/app_name"
22-->src\main\AndroidManifest.xml:8:9-41
23        android:roundIcon="@drawable/darklogo"
23-->src\main\AndroidManifest.xml:9:9-47
24        android:supportsRtl="true"
24-->src\main\AndroidManifest.xml:10:9-35
25        android:testOnly="true"
26        android:theme="@style/Theme.CapstoneProject" >
26-->src\main\AndroidManifest.xml:11:9-53
27        <activity
27-->src\main\AndroidManifest.xml:12:9-14:40
28            android:name="com.example.capstoneproject.Activities.UpgradePlanActivity"
28-->src\main\AndroidManifest.xml:13:13-59
29            android:exported="false" />
29-->src\main\AndroidManifest.xml:14:13-37
30        <activity
30-->src\main\AndroidManifest.xml:15:9-23:20
31            android:name="com.example.capstoneproject.Activities.SplashActivity"
31-->src\main\AndroidManifest.xml:16:13-54
32            android:exported="true" >
32-->src\main\AndroidManifest.xml:17:13-36
33            <intent-filter>
33-->src\main\AndroidManifest.xml:18:13-22:29
34                <action android:name="android.intent.action.MAIN" />
34-->src\main\AndroidManifest.xml:19:17-69
34-->src\main\AndroidManifest.xml:19:25-66
35
36                <category android:name="android.intent.category.LAUNCHER" />
36-->src\main\AndroidManifest.xml:21:17-77
36-->src\main\AndroidManifest.xml:21:27-74
37            </intent-filter>
38        </activity>
39        <activity
39-->src\main\AndroidManifest.xml:24:9-28:20
40            android:name="com.example.capstoneproject.Activities.MainActivity"
40-->src\main\AndroidManifest.xml:25:13-52
41            android:exported="true" >
41-->src\main\AndroidManifest.xml:26:13-36
42        </activity>
43        <activity
43-->src\main\AndroidManifest.xml:29:9-32:40
44            android:name="com.example.capstoneproject.Activities.CredentialsActivity"
44-->src\main\AndroidManifest.xml:30:13-59
45            android:exported="true"
45-->src\main\AndroidManifest.xml:31:13-36
46            android:noHistory="true" />
46-->src\main\AndroidManifest.xml:32:13-37
47        <activity
47-->src\main\AndroidManifest.xml:33:9-35:40
48            android:name="com.example.capstoneproject.Activities.AddProfileActivity"
48-->src\main\AndroidManifest.xml:34:13-58
49            android:exported="false" />
49-->src\main\AndroidManifest.xml:35:13-37
50        <activity
50-->src\main\AndroidManifest.xml:36:9-38:40
51            android:name="com.example.capstoneproject.Activities.EditProfileActivity"
51-->src\main\AndroidManifest.xml:37:13-59
52            android:exported="false" />
52-->src\main\AndroidManifest.xml:38:13-37
53        <activity
53-->src\main\AndroidManifest.xml:39:9-41:40
54            android:name="com.example.capstoneproject.Activities.NotificationActivity"
54-->src\main\AndroidManifest.xml:40:13-60
55            android:exported="false" />
55-->src\main\AndroidManifest.xml:41:13-37
56        <activity
56-->src\main\AndroidManifest.xml:42:9-44:39
57            android:name="com.example.capstoneproject.Activities.ChildActivity"
57-->src\main\AndroidManifest.xml:43:13-53
58            android:exported="true" />
58-->src\main\AndroidManifest.xml:44:13-36
59        <activity
59-->src\main\AndroidManifest.xml:45:9-47:39
60            android:name="com.example.capstoneproject.Activities.HomeActivity"
60-->src\main\AndroidManifest.xml:46:13-52
61            android:exported="true" />
61-->src\main\AndroidManifest.xml:47:13-36
62
63        <service
63-->[com.google.firebase:firebase-database:20.0.4] AndroidManifest.xml:29:9-35:19
64            android:name="com.google.firebase.components.ComponentDiscoveryService"
64-->[com.google.firebase:firebase-database:20.0.4] AndroidManifest.xml:30:13-84
65            android:directBootAware="true"
65-->[com.google.firebase:firebase-common:20.1.0] AndroidManifest.xml:35:13-43
66            android:exported="false" >
66-->[com.google.firebase:firebase-database:20.0.4] AndroidManifest.xml:31:13-37
67            <meta-data
67-->[com.google.firebase:firebase-database:20.0.4] AndroidManifest.xml:32:13-34:85
68                android:name="com.google.firebase.components:com.google.firebase.database.DatabaseRegistrar"
68-->[com.google.firebase:firebase-database:20.0.4] AndroidManifest.xml:33:17-109
69                android:value="com.google.firebase.components.ComponentRegistrar" />
69-->[com.google.firebase:firebase-database:20.0.4] AndroidManifest.xml:34:17-82
70        </service>
71
72        <activity
72-->[com.google.android.gms:play-services-base:18.0.1] AndroidManifest.xml:20:9-22:45
73            android:name="com.google.android.gms.common.api.GoogleApiActivity"
73-->[com.google.android.gms:play-services-base:18.0.1] AndroidManifest.xml:20:19-85
74            android:exported="false"
74-->[com.google.android.gms:play-services-base:18.0.1] AndroidManifest.xml:22:19-43
75            android:theme="@android:style/Theme.Translucent.NoTitleBar" />
75-->[com.google.android.gms:play-services-base:18.0.1] AndroidManifest.xml:21:19-78
76
77        <provider
77-->[com.google.firebase:firebase-common:20.1.0] AndroidManifest.xml:26:9-31:39
78            android:name="com.google.firebase.provider.FirebaseInitProvider"
78-->[com.google.firebase:firebase-common:20.1.0] AndroidManifest.xml:27:13-77
79            android:authorities="com.example.capstoneproject.firebaseinitprovider"
79-->[com.google.firebase:firebase-common:20.1.0] AndroidManifest.xml:28:13-72
80            android:directBootAware="true"
80-->[com.google.firebase:firebase-common:20.1.0] AndroidManifest.xml:29:13-43
81            android:exported="false"
81-->[com.google.firebase:firebase-common:20.1.0] AndroidManifest.xml:30:13-37
82            android:initOrder="100" />
82-->[com.google.firebase:firebase-common:20.1.0] AndroidManifest.xml:31:13-36
83
84        <meta-data
84-->[com.google.android.gms:play-services-basement:18.0.0] AndroidManifest.xml:21:9-23:69
85            android:name="com.google.android.gms.version"
85-->[com.google.android.gms:play-services-basement:18.0.0] AndroidManifest.xml:22:13-58
86            android:value="@integer/google_play_services_version" />
86-->[com.google.android.gms:play-services-basement:18.0.0] AndroidManifest.xml:23:13-66
87
88        <provider
88-->[androidx.emoji2:emoji2:1.0.0] AndroidManifest.xml:26:9-34:20
89            android:name="androidx.startup.InitializationProvider"
89-->[androidx.emoji2:emoji2:1.0.0] AndroidManifest.xml:27:13-67
90            android:authorities="com.example.capstoneproject.androidx-startup"
90-->[androidx.emoji2:emoji2:1.0.0] AndroidManifest.xml:28:13-68
91            android:exported="false" >
91-->[androidx.emoji2:emoji2:1.0.0] AndroidManifest.xml:29:13-37
92            <meta-data
92-->[androidx.emoji2:emoji2:1.0.0] AndroidManifest.xml:31:13-33:52
93                android:name="androidx.emoji2.text.EmojiCompatInitializer"
93-->[androidx.emoji2:emoji2:1.0.0] AndroidManifest.xml:32:17-75
94                android:value="androidx.startup" />
94-->[androidx.emoji2:emoji2:1.0.0] AndroidManifest.xml:33:17-49
95            <meta-data
95-->[androidx.lifecycle:lifecycle-process:2.4.0] AndroidManifest.xml:31:13-33:52
96                android:name="androidx.lifecycle.ProcessLifecycleInitializer"
96-->[androidx.lifecycle:lifecycle-process:2.4.0] AndroidManifest.xml:32:17-78
97                android:value="androidx.startup" />
97-->[androidx.lifecycle:lifecycle-process:2.4.0] AndroidManifest.xml:33:17-49
98        </provider>
99    </application>
100
101</manifest>